<?xml version="1.0" encoding="UTF-8"?>
<testsuite xmlns:xsi="http://www.w3.org/2001/XMLSchema-instance" xsi:noNamespaceSchemaLocation="https://maven.apache.org/surefire/maven-surefire-plugin/xsd/surefire-test-report-3.0.xsd" version="3.0" name="org.example.TestRunner.Runners" time="293.304" tests="19" errors="0" skipped="0" failures="4">
  <properties>
[...]
</properties>
  <testcase name="runScenario" classname="org.example.TestRunner.Runners" time="13.35"/>
  <testcase name="runScenario" classname="org.example.TestRunner.Runners" time="13.576"/>
  <testcase name="runScenario" classname="org.example.TestRunner.Runners" time="31.464"/>
  <testcase name="runScenario" classname="org.example.TestRunner.Runners" time="8.688">
    <failure message="expected [https://demo.nopcommerce.com/new-online-store-is-open] but found [null]" type="java.lang.AssertionError"><![CDATA[java.lang.AssertionError: expected [https://demo.nopcommerce.com/new-online-store-is-open] but found [null]
]]></failure>
    <system-out><![CDATA[https://demo.nopcommerce.com/news/rss/1
]]></system-out>
    <system-err><![CDATA[Starting ChromeDriver 109.0.5414.74 (e7c5703604daa9cc128ccf5a5d3e993513758913-refs/branch-heads/5414@{#1172}) on port 44922
Only local connections are allowed.
Please see https://chromedriver.chromium.org/security-considerations for suggestions on keeping ChromeDriver safe.
ChromeDriver was started successfully.
]]></system-err>
  </testcase>
  <testcase name="runScenario" classname="org.example.TestRunner.Runners" time="15.492"/>
  <testcase name="runScenario" classname="org.example.TestRunner.Runners" time="8.493"/>
  <testcase name="runScenario" classname="org.example.TestRunner.Runners" time="7.853"/>
  <testcase name="runScenario" classname="org.example.TestRunner.Runners" time="8.965"/>
  <testcase name="runScenario" classname="org.example.TestRunner.Runners" time="15.914">
    <failure message="The following asserts failed:&#10;	expected [true] but found [false],&#10;	expected [true] but found [false]" type="java.lang.AssertionError"><![CDATA[java.lang.AssertionError: 
The following asserts failed:
	expected [true] but found [false],
	expected [true] but found [false]
]]></failure>
    <system-out><![CDATA[
@smoke
Scenario: verify Euro Symbol (â‚¬) is shown on the 4 products displayed in Home page &amp#27;[90m# src/main/resources/Features/Currencies.feature:3&amp#27;[0m
  &amp#27;[32mGiven &amp#27;[0m&amp#27;[32mUser goes to homepage&amp#27;[0m                                                      &amp#27;[90m# org.example.StepsDefinitions.CurrenciesStepDefinition.ClickonHomePage()&amp#27;[0m
  &amp#27;[32mWhen &amp#27;[0m&amp#27;[32mUser Selects Euro Currency&amp#27;[0m                                                  &amp#27;[90m# org.example.StepsDefinitions.CurrenciesStepDefinition.SelectEuro()&amp#27;[0m
  &amp#27;[32mThen &amp#27;[0m&amp#27;[32mCheck that  Euro Symbol  is shown on the 4 products displayed in Home page&amp#27;[0m  &amp#27;[90m# org.example.StepsDefinitions.CurrenciesStepDefinition.CheckEuroSymbolIssShown()&amp#27;[0m

@smoke
Scenario: user opens facebook link                                                &amp#27;[90m# src/main/resources/Features/FollowUs.feature:3&amp#27;[0m
  &amp#27;[32mWhen &amp#27;[0m&amp#27;[32muser clicks facebook link&amp#27;[0m                                                  &amp#27;[90m# org.example.StepsDefinitions.FollowUsStepDefintion.openFacebook()&amp#27;[0m
  &amp#27;[32mThen &amp#27;[0m&amp#27;[32mverify that current url is equal to "&amp#27;[0m&amp#27;[32m&amp#27;[1mhttps://www.facebook.com/nopCommerce&amp#27;[0m&amp#27;[32m"&amp#27;[0m &amp#27;[90m# org.example.StepsDefinitions.FollowUsStepDefintion.FacebookPage(java.lang.String)&amp#27;[0m

@smoke
Scenario: user opens twitter link                                            &amp#27;[90m# src/main/resources/Features/FollowUs.feature:7&amp#27;[0m
  &amp#27;[32mWhen &amp#27;[0m&amp#27;[32muser clicks twitter link&amp#27;[0m                                              &amp#27;[90m# org.example.StepsDefinitions.FollowUsStepDefintion.openTwitter()&amp#27;[0m
  &amp#27;[32mThen &amp#27;[0m&amp#27;[32mVerify that current url is equal to "&amp#27;[0m&amp#27;[32m&amp#27;[1mhttps://twitter.com/nopCommerce&amp#27;[0m&amp#27;[32m"&amp#27;[0m &amp#27;[90m# org.example.StepsDefinitions.FollowUsStepDefintion.TwitterPage(java.lang.String)&amp#27;[0m

@smoke
Scenario: user opens rss link                                                                      &amp#27;[90m# src/main/resources/Features/FollowUs.feature:11&amp#27;[0m
  &amp#27;[32mWhen &amp#27;[0m&amp#27;[32muser clicks rss link&amp#27;[0m                                                                        &amp#27;[90m# org.example.StepsDefinitions.FollowUsStepDefintion.openRSS()&amp#27;[0m
  &amp#27;[31mThen &amp#27;[0m&amp#27;[31mVerify That current url is equal to "&amp#27;[0m&amp#27;[31m&amp#27;[1mhttps://demo.nopcommerce.com/new-online-store-is-open&amp#27;[0m&amp#27;[31m"&amp#27;[0m &amp#27;[90m# org.example.StepsDefinitions.FollowUsStepDefintion.RSSPage(java.lang.String)&amp#27;[0m
      &amp#27;[31mjava.lang.AssertionError: expected [https://demo.nopcommerce.com/new-online-store-is-open] but found [null]
	at org.testng.Assert.fail(Assert.java:110)
	at org.testng.Assert.failNotEquals(Assert.java:1413)
	at org.testng.Assert.assertEqualsImpl(Assert.java:149)
	at org.testng.Assert.assertEquals(Assert.java:131)
	at org.testng.Assert.assertEquals(Assert.java:655)
	at org.testng.Assert.assertEquals(Assert.java:665)
	at org.example.StepsDefinitions.FollowUsStepDefintion.RSSPage(FollowUsStepDefintion.java:46)
	at âœ½.Verify That current url is equal to "https://demo.nopcommerce.com/new-online-store-is-open"(file:///C:/Users/DELL/IdeaProjects/DemoNopCommerce/src/main/resources/Features/FollowUs.feature:13)
&amp#27;[0m

@smoke
Scenario: user opens youtube link                                                     &amp#27;[90m# src/main/resources/Features/FollowUs.feature:15&amp#27;[0m
  &amp#27;[32mWhen &amp#27;[0m&amp#27;[32muser click youtube link&amp#27;[0m                                                        &amp#27;[90m# org.example.StepsDefinitions.FollowUsStepDefintion.openYoutube()&amp#27;[0m
  &amp#27;[32mThen &amp#27;[0m&amp#27;[32mVerify That Current url is equal to "&amp#27;[0m&amp#27;[32m&amp#27;[1mhttps://www.youtube.com/user/nopCommerce&amp#27;[0m&amp#27;[32m"&amp#27;[0m &amp#27;[90m# org.example.StepsDefinitions.FollowUsStepDefintion.youtubePage(java.lang.String)&amp#27;[0m

@smoke
Scenario: User logins in with valid email and valid password &amp#27;[90m# src/main/resources/Features/Login.feature:3&amp#27;[0m
  &amp#27;[32mGiven &amp#27;[0m&amp#27;[32mUser goes to login page&amp#27;[0m                              &amp#27;[90m# org.example.StepsDefinitions.LoginStepDefintion.ClickOnLogin()&amp#27;[0m
  &amp#27;[32mWhen &amp#27;[0m&amp#27;[32mUser Enters "&amp#27;[0m&amp#27;[32m&amp#27;[1mtest12@example.com&amp#27;[0m&amp#27;[32m"&amp#27;[0m                      &amp#27;[90m# org.example.StepsDefinitions.LoginStepDefintion.EnterValidEmail(java.lang.String)&amp#27;[0m
  &amp#27;[32mAnd &amp#27;[0m&amp#27;[32muser Enters "&amp#27;[0m&amp#27;[32m&amp#27;[1mP@ssw0rd&amp#27;[0m&amp#27;[32m"&amp#27;[0m                                 &amp#27;[90m# org.example.StepsDefinitions.LoginStepDefintion.EnterValidPassword(java.lang.String)&amp#27;[0m
  &amp#27;[32mAnd &amp#27;[0m&amp#27;[32mUser Clicks on Login button&amp#27;[0m                            &amp#27;[90m# org.example.StepsDefinitions.LoginStepDefintion.ClickOnLoginButton()&amp#27;[0m
  &amp#27;[32mThen &amp#27;[0m&amp#27;[32mUser Logins to the system successfully&amp#27;[0m                &amp#27;[90m# org.example.StepsDefinitions.LoginStepDefintion.LoginSuccessfully()&amp#27;[0m

@smoke @smoke
Scenario: User Logins with invalid email and password &amp#27;[90m# src/main/resources/Features/Login.feature:10&amp#27;[0m
  &amp#27;[32mGiven &amp#27;[0m&amp#27;[32mUser goes to login page&amp#27;[0m                       &amp#27;[90m# org.example.StepsDefinitions.LoginStepDefintion.ClickOnLogin()&amp#27;[0m
  &amp#27;[32mWhen &amp#27;[0m&amp#27;[32mUser enters "&amp#27;[0m&amp#27;[32m&amp#27;[1mWrong@example.com&amp#27;[0m&amp#27;[32m"&amp#27;[0m                &amp#27;[90m# org.example.StepsDefinitions.LoginStepDefintion.EnterInValidEmail(java.lang.String)&amp#27;[0m
  &amp#27;[32mAnd &amp#27;[0m&amp#27;[32muser Enters "&amp#27;[0m&amp#27;[32m&amp#27;[1mP@ssw0rd&amp#27;[0m&amp#27;[32m"&amp#27;[0m                          &amp#27;[90m# org.example.StepsDefinitions.LoginStepDefintion.EnterValidPassword(java.lang.String)&amp#27;[0m
  &amp#27;[32mAnd &amp#27;[0m&amp#27;[32mUser Clicks on Login button&amp#27;[0m                     &amp#27;[90m# org.example.StepsDefinitions.LoginStepDefintion.ClickOnLoginButton()&amp#27;[0m
  &amp#27;[32mThen &amp#27;[0m&amp#27;[32mUser could not login in to the system&amp#27;[0m          &amp#27;[90m# org.example.StepsDefinitions.LoginStepDefintion.UnsuccessfullLogin()&amp#27;[0m

@smoke
Scenario: User could register with valid data successfully &amp#27;[90m# src/main/resources/Features/Register.feature:3&amp#27;[0m
  &amp#27;[32mGiven &amp#27;[0m&amp#27;[32mUser go to register page&amp#27;[0m                           &amp#27;[90m# org.example.StepsDefinitions.RegisterStepDefinition.registerPage()&amp#27;[0m
  &amp#27;[32mWhen &amp#27;[0m&amp#27;[32muser select gender type&amp#27;[0m                             &amp#27;[90m# org.example.StepsDefinitions.RegisterStepDefinition.SelectGender()&amp#27;[0m
  &amp#27;[32mAnd &amp#27;[0m&amp#27;[32mUser enter "&amp#27;[0m&amp#27;[32m&amp#27;[1mautomation&amp#27;[0m&amp#27;[32m"&amp#27;[0m                              &amp#27;[90m# org.example.StepsDefinitions.RegisterStepDefinition.EnterFirstName(java.lang.String)&amp#27;[0m
  &amp#27;[32mAnd &amp#27;[0m&amp#27;[32muser enter "&amp#27;[0m&amp#27;[32m&amp#27;[1mtester&amp#27;[0m&amp#27;[32m"&amp#27;[0m                                  &amp#27;[90m# org.example.StepsDefinitions.RegisterStepDefinition.EnterLastName(java.lang.String)&amp#27;[0m
  &amp#27;[32mAnd &amp#27;[0m&amp#27;[32muser enter Date&amp#27;[0m                                      &amp#27;[90m# org.example.StepsDefinitions.RegisterStepDefinition.SelectDate()&amp#27;[0m
  &amp#27;[32mAnd &amp#27;[0m&amp#27;[32muser enter month&amp#27;[0m                                     &amp#27;[90m# org.example.StepsDefinitions.RegisterStepDefinition.SelectMonth()&amp#27;[0m
  &amp#27;[32mAnd &amp#27;[0m&amp#27;[32muser enter year&amp#27;[0m                                      &amp#27;[90m# org.example.StepsDefinitions.RegisterStepDefinition.SelectYear()&amp#27;[0m
  &amp#27;[32mAnd &amp#27;[0m&amp#27;[32mUser enters valid "&amp#27;[0m&amp#27;[32m&amp#27;[1mtest13@example.com&amp#27;[0m&amp#27;[32m"&amp#27;[0m               &amp#27;[90m# org.example.StepsDefinitions.RegisterStepDefinition.EnterEmail(java.lang.String)&amp#27;[0m
  &amp#27;[32mAnd &amp#27;[0m&amp#27;[32mUser fills "&amp#27;[0m&amp#27;[32m&amp#27;[1mP@ssw0rd&amp#27;[0m&amp#27;[32m"&amp#27;[0m                                &amp#27;[90m# org.example.StepsDefinitions.RegisterStepDefinition.EnterPassword(java.lang.String)&amp#27;[0m
  &amp#27;[32mAnd &amp#27;[0m&amp#27;[32muser fills "&amp#27;[0m&amp#27;[32m&amp#27;[1mP@ssw0rd&amp#27;[0m&amp#27;[32m"&amp#27;[0m                                &amp#27;[90m# org.example.StepsDefinitions.RegisterStepDefinition.EnterConfirmPassword(java.lang.String)&amp#27;[0m
  &amp#27;[32mAnd &amp#27;[0m&amp#27;[32mUser clicks on register button&amp#27;[0m                       &amp#27;[90m# org.example.StepsDefinitions.RegisterStepDefinition.ClickOnRegisterButton()&amp#27;[0m
  &amp#27;[32mThen &amp#27;[0m&amp#27;[32msuccess message is displayed&amp#27;[0m                        &amp#27;[90m# org.example.StepsDefinitions.RegisterStepDefinition.SuccessMessage()&amp#27;[0m

@smoke
Scenario Outline: Search using Product name            &amp#27;[90m# src/main/resources/Features/Search.feature:10&amp#27;[0m
  &amp#27;[32mWhen &amp#27;[0m&amp#27;[32mUser search with &amp#27;[0m&amp#27;[32m&amp#27;[1m"book"&amp#27;[0m                         &amp#27;[90m# org.example.StepsDefinitions.SearchStepDefinition.SearchUsingProductName(java.lang.String)&amp#27;[0m
  &amp#27;[32mAnd &amp#27;[0m&amp#27;[32muser clicks search button and in the search page&amp#27;[0m &amp#27;[90m# org.example.StepsDefinitions.SearApple MacBook Pro 13-inch
Asus N551JK-XO076H Laptop
Samsung Series 9 NP900X4C Premium Ultrabook
HP Spectre XT Pro UltraBook
HP Envy 6-1180ca 15.6-Inch Sleekbook
Lenovo Thinkpad X1 Carbon Laptop
]]></system-out>
    <system-err><![CDATA[Starting ChromeDriver 109.0.5414.74 (e7c5703604daa9cc128ccf5a5d3e993513758913-refs/branch-heads/5414@{#1172}) on port 8412
Only local connections are allowed.
Please see https://chromedriver.chromium.org/security-considerations for suggestions on keeping ChromeDriver safe.
ChromeDriver was started successfully.
]]></system-err>
  </testcase>
  <testcase name="runScenario" classname="org.example.TestRunner.Runners" time="12.951"/>
  <testcase name="runScenario" classname="org.example.TestRunner.Runners" time="19.943"/>
  <testcase name="runScenario" classname="org.example.TestRunner.Runners" time="14.58"/>
  <testcase name="runScenario" classname="org.example.TestRunner.Runners" time="15.053"/>
  <testcase name="runScenario" classname="org.example.TestRunner.Runners" time="16.099"/>
  <testcase name="runScenario" classname="org.example.TestRunner.Runners" time="7.087"/>
  <testcase name="runScenario" classname="org.example.TestRunner.Runners" time="31.109"/>
  <testcase name="runScenario" classname="org.example.TestRunner.Runners" time="21.357">
    <failure message="Expected condition failed: waiting for url to be &quot;https://demo.nopcommerce.com/iphone-14-Pro&quot;. Current url: &quot;https://demo.nopcommerce.com/&quot; (tried for 10 second(s) with 500 milliseconds interval)&#10;Build info: version: &apos;4.8.0&apos;, revision: &apos;267030adea&apos;&#10;System info: os.name: &apos;Windows 10&apos;, os.arch: &apos;amd64&apos;, os.version: &apos;10.0&apos;, java.version: &apos;1.8.0_342&apos;&#10;Driver info: org.openqa.selenium.chrome.ChromeDriver&#10;Capabilities {acceptInsecureCerts: false, browserName: chrome, browserVersion: 109.0.5414.120, chrome: {chromedriverVersion: 109.0.5414.74 (e7c5703604da..., userDataDir: C:\Users\DELL\AppData\Local...}, goog:chromeOptions: {debuggerAddress: localhost:54489}, networkConnectionEnabled: false, pageLoadStrategy: normal, platformName: WINDOWS, proxy: Proxy(), se:cdp: ws://localhost:54489/devtoo..., se:cdpVersion: 109.0.5414.120, setWindowRect: true, strictFileInteractability: false, timeouts: {implicit: 0, pageLoad: 300000, script: 30000}, unhandledPromptBehavior: dismiss and notify, webauthn:extension:credBlob: true, webauthn:extension:largeBlob: true, webauthn:virtualAuthenticators: true}&#10;Session ID: bd3a646eebe487bd4532c2b95e5a3973" type="org.openqa.selenium.TimeoutException"><![CDATA[org.openqa.selenium.TimeoutException: 
Expected condition failed: waiting for url to be "https://demo.nopcommerce.com/iphone-14-Pro". Current url: "https://demo.nopcommerce.com/" (tried for 10 second(s) with 500 milliseconds interval)
Build info: version: '4.8.0', revision: '267030adea'
System info: os.name: 'Windows 10', os.arch: 'amd64', os.version: '10.0', java.version: '1.8.0_342'
Driver info: org.openqa.selenium.chrome.ChromeDriver
Capabilities {acceptInsecureCerts: false, browserName: chrome, browserVersion: 109.0.5414.120, chrome: {chromedriverVersion: 109.0.5414.74 (e7c5703604da..., userDataDir: C:\Users\DELL\AppData\Local...}, goog:chromeOptions: {debuggerAddress: localhost:54489}, networkConnectionEnabled: false, pageLoadStrategy: normal, platformName: WINDOWS, proxy: Proxy(), se:cdp: ws://localhost:54489/devtoo..., se:cdpVersion: 109.0.5414.120, setWindowRect: true, strictFileInteractability: false, timeouts: {implicit: 0, pageLoad: 300000, script: 30000}, unhandledPromptBehavior: dismiss and notify, webauthn:extension:credBlob: true, webauthn:extension:largeBlob: true, webauthn:virtualAuthenticators: true}
Session ID: bd3a646eebe487bd4532c2b95e5a3973
]]></failure>
    <system-err><![CDATA[Starting ChromeDriver 109.0.5414.74 (e7c5703604daa9cc128ccf5a5d3e993513758913-refs/branch-heads/5414@{#1172}) on port 29461
Only local connections are allowed.
Please see https://chromedriver.chromium.org/security-considerations for suggestions on keeping ChromeDriver safe.
ChromeDriver was started successfully.
]]></system-err>
  </testcase>
  <testcase name="runScenario" classname="org.example.TestRunner.Runners" time="20.655">
    <failure message="Expected condition failed: waiting for url to be &quot;https://demo.nopcommerce.com/Galaxy-S22-Ultra&quot;. Current url: &quot;https://demo.nopcommerce.com/&quot; (tried for 10 second(s) with 500 milliseconds interval)&#10;Build info: version: &apos;4.8.0&apos;, revision: &apos;267030adea&apos;&#10;System info: os.name: &apos;Windows 10&apos;, os.arch: &apos;amd64&apos;, os.version: &apos;10.0&apos;, java.version: &apos;1.8.0_342&apos;&#10;Driver info: org.openqa.selenium.chrome.ChromeDriver&#10;Capabilities {acceptInsecureCerts: false, browserName: chrome, browserVersion: 109.0.5414.120, chrome: {chromedriverVersion: 109.0.5414.74 (e7c5703604da..., userDataDir: C:\Users\DELL\AppData\Local...}, goog:chromeOptions: {debuggerAddress: localhost:54516}, networkConnectionEnabled: false, pageLoadStrategy: normal, platformName: WINDOWS, proxy: Proxy(), se:cdp: ws://localhost:54516/devtoo..., se:cdpVersion: 109.0.5414.120, setWindowRect: true, strictFileInteractability: false, timeouts: {implicit: 0, pageLoad: 300000, script: 30000}, unhandledPromptBehavior: dismiss and notify, webauthn:extension:credBlob: true, webauthn:extension:largeBlob: true, webauthn:virtualAuthenticators: true}&#10;Session ID: ea5fee54835cfdb273d25491255642ed" type="org.openqa.selenium.TimeoutException"><![CDATA[org.openqa.selenium.TimeoutException: 
Expected condition failed: waiting for url to be "https://demo.nopcommerce.com/Galaxy-S22-Ultra". Current url: "https://demo.nopcommerce.com/" (tried for 10 second(s) with 500 milliseconds interval)
Build info: version: '4.8.0', revision: '267030adea'
System info: os.name: 'Windows 10', os.arch: 'amd64', os.version: '10.0', java.version: '1.8.0_342'
Driver info: org.openqa.selenium.chrome.ChromeDriver
Capabilities {acceptInsecureCerts: false, browserName: chrome, browserVersion: 109.0.5414.120, chrome: {chromedriverVersion: 109.0.5414.74 (e7c5703604da..., userDataDir: C:\Users\DELL\AppData\Local...}, goog:chromeOptions: {debuggerAddress: localhost:54516}, networkConnectionEnabled: false, pageLoadStrategy: normal, platformName: WINDOWS, proxy: Proxy(), se:cdp: ws://localhost:54516/devtoo..., se:cdpVersion: 109.0.5414.120, setWindowRect: true, strictFileInteractability: false, timeouts: {implicit: 0, pageLoad: 300000, script: 30000}, unhandledPromptBehavior: dismiss and notify, webauthn:extension:credBlob: true, webauthn:extension:largeBlob: true, webauthn:virtualAuthenticators: true}
Session ID: ea5fee54835cfdb273d25491255642ed
]]></failure>
    <system-out><![CDATA[chStepDefinition.Clickonsearchbutton()&amp#27;[0m
  &amp#27;[31mThen &amp#27;[0m&amp#27;[31mUser find &amp#27;[0m&amp#27;[31m&amp#27;[1m"book"&amp#27;[0m&amp#27;[31m relevant results&amp#27;[0m               &amp#27;[90m# org.example.StepsDefinitions.SearchStepDefinition.HasSearchWord(java.lang.String)&amp#27;[0m
      &amp#27;[31mjava.lang.AssertionError: The following asserts failed:
	expected [true] but found [false],
	expected [true] but found [false]
	at org.testng.asserts.SoftAssert.assertAll(SoftAssert.java:46)
	at org.testng.asserts.SoftAssert.assertAll(SoftAssert.java:30)
	at org.example.StepsDefinitions.SearchStepDefinition.HasSearchWord(SearchStepDefinition.java:39)
	at âœ½.User find "book" relevant results(file:///C:/Users/DELL/IdeaProjects/DemoNopCommerce/src/main/resources/Features/Search.feature:7)
&amp#27;[0m

@smoke
Scenario Outline: Search using Product name            &amp#27;[90m# src/main/resources/Features/Search.feature:11&amp#27;[0m
  &amp#27;[32mWhen &amp#27;[0m&amp#27;[32mUser search with &amp#27;[0m&amp#27;[32m&amp#27;[1m"laptop"&amp#27;[0m                       &amp#27;[90m# org.example.StepsDefinitions.SearchStepDefinition.SearchUsingProductName(java.lang.String)&amp#27;[0m
  &amp#27;[32mAnd &amp#27;[0m&amp#27;[32muser clicks search button and in the search page&amp#27;[0m &amp#27;[90m# org.example.StepsDefinitions.SearchStepDefinition.Clickonsearchbutton()&amp#27;[0m
  &amp#27;[32mThen &amp#27;[0m&amp#27;[32mUser find &amp#27;[0m&amp#27;[32m&amp#27;[1m"laptop"&amp#27;[0m&amp#27;[32m relevant results&amp#27;[0m             &amp#27;[90m# org.example.StepsDefinitions.SearchStepDefinition.HasSearchWord(java.lang.String)&amp#27;[0m

@smoke
Scenario Outline: Search using Product name            &amp#27;[90m# src/main/resources/Features/Search.feature:12&amp#27;[0m
  &amp#27;[32mWhen &amp#27;[0m&amp#27;[32mUser search with &amp#27;[0m&amp#27;[32m&amp#27;[1m"nike"&amp#27;[0m                         &amp#27;[90m# org.example.StepsDefinitions.SearchStepDefinition.SearchUsingProductName(java.lang.String)&amp#27;[0m
  &amp#27;[32mAnd &amp#27;[0m&amp#27;[32muser clicks search button and in the search page&amp#27;[0m &amp#27;[90m# org.example.StepsDefinitions.SearchStepDefinition.Clickonsearchbutton()&amp#27;[0m
  &amp#27;[32mThen &amp#27;[0m&amp#27;[32mUser find &amp#27;[0m&amp#27;[32m&amp#27;[1m"nike"&amp#27;[0m&amp#27;[32m relevant results&amp#27;[0m               &amp#27;[90m# org.example.StepsDefinitions.SearchStepDefinition.HasSearchWord(java.lang.String)&amp#27;[0m

@smoke
Scenario Outline: Search using SKU                      &amp#27;[90m# src/main/resources/Features/Search.feature:22&amp#27;[0m
  &amp#27;[32mWhen &amp#27;[0m&amp#27;[32muser search with &amp#27;[0m&amp#27;[32m&amp#27;[1m"SCI_FAITH"&amp#27;[0m                     &amp#27;[90m# org.example.StepsDefinitions.SearchStepDefinition.SearchUsingSKU(java.lang.String)&amp#27;[0m
  &amp#27;[32mAnd &amp#27;[0m&amp#27;[32muser clicks search button and in the search page&amp#27;[0m  &amp#27;[90m# org.example.StepsDefinitions.SearchStepDefinition.Clickonsearchbutton()&amp#27;[0m
  &amp#27;[32mAnd &amp#27;[0m&amp#27;[32mclick on the product in search result&amp#27;[0m             &amp#27;[90m# org.example.StepsDefinitions.SearchStepDefinition.clickontheprdouctforSKU()&amp#27;[0m
  &amp#27;[32mThen &amp#27;[0m&amp#27;[32mUser find &amp#27;[0m&amp#27;[32m&amp#27;[1m"SCI_FAITH"&amp#27;[0m&amp#27;[32m inside product detail page&amp#27;[0m &amp#27;[90m# org.example.StepsDefinitions.SearchStepDefinition.CheckThatSKu(java.lang.String)&amp#27;[0m

@smoke
Scenario Outline: Search using SKU                      &amp#27;[90m# src/main/resources/Features/Search.feature:23&amp#27;[0m
  &amp#27;[32mWhen &amp#27;[0m&amp#27;[32muser search with &amp#27;[0m&amp#27;[32m&amp#27;[1m"APPLE_CAM"&amp#27;[0m                     &amp#27;[90m# org.example.StepsDefinitions.SearchStepDefinition.SearchUsingSKU(java.lang.String)&amp#27;[0m
  &amp#27;[32mAnd &amp#27;[0m&amp#27;[32muser clicks search button and in the search page&amp#27;[0m  &amp#27;[90m# org.example.StepsDefinitions.SearchStepDefinition.Clickonsearchbutton()&amp#27;[0m
  &amp#27;[32mAnd &amp#27;[0m&amp#27;[32mclick on the product in search result&amp#27;[0m             &amp#27;[90m# org.example.StepsDefinitions.SearchStepDefinition.clickontheprdouctforSKU()&amp#27;[0m
  &amp#27;[32mThen &amp#27;[0m&amp#27;[32mUser find &amp#27;[0m&amp#27;[32m&amp#27;[1m"APPLE_CAM"&amp#27;[0m&amp#27;[32m inside product detail page&amp#27;[0m &amp#27;[90m# org.example.StepsDefinitions.SearchStepDefinition.CheckThatSKu(java.lang.String)&amp#27;[0m

@smoke
Scenario Outline: Search using SKU                      &amp#27;[90m# src/main/resources/Features/Search.feature:24&amp#27;[0m
  &amp#27;[32mWhen &amp#27;[0m&amp#27;[32muser search with &amp#27;[0m&amp#27;[32m&amp#27;[1m"SF_PRO_11"&amp#27;[0m                     &amp#27;[90m# org.example.StepsDefinitions.SearchStepDefinition.SearchUsingSKU(java.lang.String)&amp#27;[0m
  &amp#27;[32mAnd &amp#27;[0m&amp#27;[32muser clicks search button and in the search page&amp#27;[0m  &amp#27;[90m# org.example.StepsDefinitions.SearchStepDefinition.Clickonsearchbutton()&amp#27;[0m
  &amp#27;[32mAnd &amp#27;[0m&amp#27;[32mclick on the product in search result&amp#27;[0m             &amp#27;[90m# org.example.StepsDefinitions.SearchStepDefinition.clickontheprdouctforSKU()&amp#27;[0m
  &amp#27;[32mThen &amp#27;[0m&amp#27;[32mUser find &amp#27;[0m&amp#27;[32m&amp#27;[1m"SF_PRO_11"&amp#27;[0m&amp#27;[32m inside product detail page&amp#27;[0m &amp#27;[90m# org.example.StepsDefinitions.SearchStepDefinition.CheckThatSKu(java.lang.String)&amp#27;[0m

@smoke
Scenario: User can click on wishlist button and success message appear &amp#27;[90m# src/main/resources/Features/WishList.feature:3&amp#27;[0m
  &amp#27;[32mWhen &amp#27;[0m&amp#27;[32mUser click on wishlist button&amp#27;[0m                                   &amp#27;[90m# org.example.StepsDefinitions.WishlistStepDefinition.ClickonWishListButton()&amp#27;[0m
  &amp#27;[32mThen &amp#27;[0m&amp#27;[32mUser see success message&amp#27;[0m                                        &amp#27;[90m# org.example.StepsDefinitions.WishlistStepDefinition.SuccessMessage()&amp#27;[0m
  &amp#27;[32mAnd &amp#27;[0m&amp#27;[32muser see background color green&amp#27;[0m                                  &amp#27;[90m# org.example.StepsDefinitions.WishlistStepDefinition.ColorForWishList()&amp#27;[0m

@smoke
Scenario: User can click on Wishlist Tab on the top of the page &amp#27;[90m# src/main/resources/Features/WishList.feature:8&amp#27;[0m
  &amp#27;[32mWhen &amp#27;[0m&amp#27;[32mUser click on wishlist button&amp#27;[0m                            &amp#27;[90m# org.example.StepsDefinitions.WishlistStepDefinition.ClickonWishListButton()&amp#27;[0m
  &amp#27;[32mAnd &amp#27;[0m&amp#27;[32mUser click on wishlist tab&amp#27;[0m                                &amp#27;[90m# org.example.StepsDefinitions.WishlistStepDefinition.ClickOnWishList()&amp#27;[0m
  &amp#27;[32mThen &amp#27;[0m&amp#27;[32mVerify Qty value is bigger than 0&amp#27;[0m                        &amp#27;[90m# org.example.StepsDefinitions.WishlistStepDefinition.CheckQuantityValue()&amp#27;[0m

@smoke
Scenario: Check if the first slider is clickable on home page &amp#27;[90m# src/main/resources/Features/homeSliders.feature:3&amp#27;[0m
  &amp#27;[32mWhen &amp#27;[0m&amp#27;[32muser click on first slider&amp#27;[0m                             &amp#27;[90m# org.example.StepsDefinitions.homeSlidersStepDefintion.ClickonFisrtSlider()&amp#27;[0m
  &amp#27;[31mThen &amp#27;[0m&amp#27;[31mverify it directs  user to Slider 1 page&amp#27;[0m               &amp#27;[90m# org.example.StepsDefinitions.homeSlidersStepDefintion.Current1Page()&amp#27;[0m
      &amp#27;[31morg.openqa.selenium.TimeoutException: Expected condition failed: waiting for url to be "https://demo.nopcommerce.com/iphone-14-Pro". Current url: "https://demo.nopcommerce.com/" (tried for 10 second(s) with 500 milliseconds interval)
Build info: version: '4.8.0', revision: '267030adea'
System info: os.name: 'Windows 10', os.arch: 'amd64', os.version: '10.0', java.version: '1.8.0_342'
Driver info: org.openqa.selenium.chrome.ChromeDriver
Capabilities {acceptInsecureCerts: false, browserName: chrome, browserVersion: 109.0.5414.120, chrome: {chromedriverVersion: 109.0.5414.74 (e7c5703604da..., userDataDir: C:\Users\DELL\AppData\Local...}, goog:chromeOptions: {debuggerAddress: localhost:54489}, networkConnectionEnabled: false, pageLoadStrategy: normal, platformName: WINDOWS, proxy: Proxy(), se:cdp: ws://localhost:54489/devtoo..., se:cdpVersion: 109.0.5414.120, setWindowRect: true, strictFileInteractability: false, timeouts: {implicit: 0, pageLoad: 300000, script: 30000}, unhandledPromptBehavior: dismiss and notify, webauthn:extension:credBlob: true, webauthn:extension:largeBlob: true, webauthn:virtualAuthenticators: true}
Session ID: bd3a646eebe487bd4532c2b95e5a3973
	at org.openqa.selenium.support.ui.WebDriverWait.timeoutException(WebDriverWait.java:87)
	at org.openqa.selenium.support.ui.FluentWait.until(FluentWait.java:231)
	at org.example.Pages.HomePage.DirectToSlider1Page(HomePage.java:185)
	at org.example.StepsDefinitions.homeSlidersStepDefintion.Current1Page(homeSlidersStepDefintion.java:18)
	at âœ½.verify it directs  user to Slider 1 page(file:///C:/Users/DELL/IdeaProjects/DemoNopCommerce/src/main/resources/Features/homeSliders.feature:5)
&amp#27;[0m

@smoke
Scenario: Check if the second slider is clickable on home page &amp#27;[90m# src/main/resources/Features/homeSliders.feature:7&amp#27;[0m
  &amp#27;[32mWhen &amp#27;[0m&amp#27;[32muser clicks on second slider&amp#27;[0m                            &amp#27;[90m# org.example.StepsDefinitions.homeSlidersStepDefintion.ClickonSecondSlide]]></system-out>
    <system-err><![CDATA[Starting ChromeDriver 109.0.5414.74 (e7c5703604daa9cc128ccf5a5d3e993513758913-refs/branch-heads/5414@{#1172}) on port 14679
Only local connections are allowed.
Please see https://chromedriver.chromium.org/security-considerations for suggestions on keeping ChromeDriver safe.
ChromeDriver was started successfully.
]]></system-err>
  </testcase>
  <testcase name="runScenario" classname="org.example.TestRunner.Runners" time="8.373"/>
</testsuite>